<?xml version="1.0" encoding="UTF-8"?>
<!-- Generated by org.testng.reporters.JUnitXMLReporter -->
<testsuite ignored="0" hostname="RESHMA" failures="0" tests="1" name="Edgetest" time="0.137" errors="0" timestamp="2023-04-20T11:06:23 IST">
  <testcase classname="testngpackage.crossbrowsertest" name="@BeforeTest setup" time="0.134">
    <failure type="java.lang.IllegalStateException" message="The path to the driver executable Unable to locate the msedgedriver executable; for more information on how to install drivers, see https://www.selenium.dev/documentation/webdriver/getting_started/install_drivers/">
      <![CDATA[java.lang.IllegalStateException: The path to the driver executable Unable to locate the msedgedriver executable; for more information on how to install drivers, see https://www.selenium.dev/documentation/webdriver/getting_started/install_drivers/
at org.openqa.selenium.internal.Require$StateChecker.nonNull(Require.java:314)
at org.openqa.selenium.remote.service.DriverFinder.getPath(DriverFinder.java:33)
at org.openqa.selenium.edge.EdgeDriver.generateExecutor(EdgeDriver.java:70)
at org.openqa.selenium.edge.EdgeDriver.<init>(EdgeDriver.java:60)
at org.openqa.selenium.edge.EdgeDriver.<init>(EdgeDriver.java:56)
at org.openqa.selenium.edge.EdgeDriver.<init>(EdgeDriver.java:48)
at org.openqa.selenium.edge.EdgeDriver.<init>(EdgeDriver.java:44)
at testngpackage.crossbrowsertest.setup(crossbrowsertest.java:33)
... Removed 24 stack frames]]>
    </failure>
  </testcase> <!-- @BeforeTest setup -->
  <testcase classname="testngpackage.crossbrowsertest" name="search" time="0.0">
    <skipped/>
  </testcase> <!-- search -->
</testsuite> <!-- Edgetest -->
